Arguments: 
  C:\Program Files\nodejs\node.exe C:\Program Files (x86)\Yarn\bin\yarn.js add popper.js

PATH: 
  C:\Windows\system32;C:\Windows;C:\Windows\System32\Wbem;C:\Windows\System32\WindowsPowerShell\v1.0\;C:\Program Files\nodejs\;C:\Program Files (x86)\Yarn\bin\;C:\Users\kondr\AppData\Local\Microsoft\WindowsApps;C:\Users\kondr\AppData\Roaming\npm;C:\Users\kondr\AppData\Local\Programs\Microsoft VS Code\bin;C:\Users\kondr\AppData\Local\Programs\Git\cmd;C:\Users\kondr\AppData\Local\Yarn\bin

Yarn version: 
  1.22.5

Node version: 
  12.19.0

Platform: 
  win32 x64

Trace: 
  Error: Client network socket disconnected before secure TLS connection was established
      at connResetException (internal/errors.js:609:14)
      at TLSSocket.onConnectEnd (_tls_wrap.js:1547:19)
      at Object.onceWrapper (events.js:420:28)
      at TLSSocket.emit (events.js:326:22)
      at endReadableNT (_stream_readable.js:1223:12)
      at processTicksAndRejections (internal/process/task_queues.js:84:21)

npm manifest: 
  {
    "name": "gulp",
    "version": "1.0.0",
    "main": "index.js",
    "license": "MIT",
    "devDependencies": {
      "autoprefixer": "^9.8.5",
      "browser-sync": "^2.26.12",
      "css-mqpacker": "^7.0.0",
      "cssnano": "^4.1.10",
      "gulp": "^4.0.2",
      "gulp-csscomb": "^3.1.0",
      "gulp-notify": "^3.2.0",
      "gulp-postcss": "^8.0.0",
      "gulp-rename": "^2.0.0",
      "gulp-sass": "^4.1.0",
      "sort-css-media-queries": "^1.5.0"
    }
  }

yarn manifest: 
  No manifest

Lockfile: 
  # THIS IS AN AUTOGENERATED FILE. DO NOT EDIT THIS FILE DIRECTLY.
  # yarn lockfile v1
  
  
  bootstrap@3.4.1:
    version "3.4.1"
    resolved "https://registry.yarnpkg.com/bootstrap/-/bootstrap-3.4.1.tgz#c3a347d419e289ad11f4033e3c4132b87c081d72"
    integrity sha512-yN5oZVmRCwe5aKwzRj6736nSmKDX7pLYwsXiCj/EYmo16hODaBiT4En5btW/jhBF/seV+XMx3aYwukYC3A49DA==
  
  jquery@^3.3.1:
    version "3.5.1"
    resolved "https://registry.yarnpkg.com/jquery/-/jquery-3.5.1.tgz#d7b4d08e1bfdb86ad2f1a3d039ea17304717abb5"
    integrity sha512-XwIBPqcMn57FxfT+Go5pzySnm4KWkT1Tv7gjrpT1srtf8Weynl6R273VJ5GjkRb51IzMp5nbaPjJXMWeju2MKg==
